<html>
<head>
<title>TestNG:  Myar Regression Test</title>
<link href="../testng.css" rel="stylesheet" type="text/css" />
<link href="../my-testng.css" rel="stylesheet" type="text/css" />

<style type="text/css">
.log { display: none;} 
.stack-trace { display: none;} 
</style>
<script type="text/javascript">
<!--
function flip(e) {
  current = e.style.display;
  if (current == 'block') {
    e.style.display = 'none';
    return 0;
  }
  else {
    e.style.display = 'block';
    return 1;
  }
}

function toggleBox(szDivId, elem, msg1, msg2)
{
  var res = -1;  if (document.getElementById) {
    res = flip(document.getElementById(szDivId));
  }
  else if (document.all) {
    // this is the way old msie versions work
    res = flip(document.all[szDivId]);
  }
  if(elem) {
    if(res == 0) elem.innerHTML = msg1; else elem.innerHTML = msg2;
  }

}

function toggleAllBoxes() {
  if (document.getElementsByTagName) {
    d = document.getElementsByTagName('div');
    for (i = 0; i < d.length; i++) {
      if (d[i].className == 'log') {
        flip(d[i]);
      }
    }
  }
}

// -->
</script>

</head>
<body>
<h2 align='center'>Myar Regression Test</h2><table border='1' align="center">
<tr>
<td>Tests passed/Failed/Skipped:</td><td>0/1/0</td>
</tr><tr>
<td>Started on:</td><td>Thu Aug 08 22:58:23 IST 2024</td>
</tr>
<tr><td>Total time:</td><td>66 seconds (66567 ms)</td>
</tr><tr>
<td>Included groups:</td><td></td>
</tr><tr>
<td>Excluded groups:</td><td></td>
</tr>
</table><p/>
<small><i>(Hover the method name to see the test class name)</i></small><p/>
<table width='100%' border='1' class='invocation-failed'>
<tr><td colspan='4' align='center'><b>FAILED TESTS</b></td></tr>
<tr><td><b>Test method</b></td>
<td width="30%"><b>Exception</b></td>
<td width="10%"><b>Time (seconds)</b></td>
<td><b>Instance</b></td>
</tr>
<tr>
<td title='myar.testcases.MyarRegression.verifyLoginFunctionalityWithValidCredentials()'><b>verifyLoginFunctionalityWithValidCredentials</b><br>Test class: myar.testcases.MyarRegression<br/>
<a href="#Output-2022768790" onClick='toggleBox("Output-2022768790", this, "Show output", "Hide output");'>Show output</a>

<a href="#Output-2022768790" onClick="toggleAllBoxes();">Show all outputs</a>
<div class='log' id="Output-2022768790">
Cleared browser cookies<br/>
Login URL: https://staging.snoopstar.com<br/>
Clicking on : Language selector drop-down<br/>
Waiting for web element to load on the page : Language selector drop-down<br/>
Clicked on : Language selector drop-down<br/>
Clicking on : Language EN<br/>
Waiting for web element to load on the page : Language EN<br/>
Clicked on : Language EN<br/>
Sending Values in : Enter email address textbox<br/>
Waiting for web element to load on the page : Enter email address textbox<br/>
Cleared : Enter email address textbox<br/>
Inputted '' text into : Enter email address textbox<br/>
Sending Values in : Enter password textbox<br/>
Waiting for web element to load on the page : Enter password textbox<br/>
Cleared : Enter password textbox<br/>
Inputted '' text into : Enter password textbox<br/>
Clicking on : Login Button<br/>
Waiting for web element to load on the page : Login Button<br/>
Clicked on : Login Button<br/>
Waiting for application loader to disappear<br/>
loader is not present<br/>
loginAttempt: 1<br/>
Verifying whether Element : Enter email address textbox on login page is displayed<br/>
Login failed, attempting login again<br/>
Cleared browser cookies<br/>
Login URL: https://staging.snoopstar.com<br/>
Clicking on : Language selector drop-down<br/>
Waiting for web element to load on the page : Language selector drop-down<br/>
Clicked on : Language selector drop-down<br/>
Clicking on : Language EN<br/>
Waiting for web element to load on the page : Language EN<br/>
Clicked on : Language EN<br/>
Sending Values in : Enter email address textbox<br/>
Waiting for web element to load on the page : Enter email address textbox<br/>
Cleared : Enter email address textbox<br/>
Inputted '' text into : Enter email address textbox<br/>
Sending Values in : Enter password textbox<br/>
Waiting for web element to load on the page : Enter password textbox<br/>
Cleared : Enter password textbox<br/>
Inputted '' text into : Enter password textbox<br/>
Clicking on : Login Button<br/>
Waiting for web element to load on the page : Login Button<br/>
Clicked on : Login Button<br/>
Waiting for application loader to disappear<br/>
loader is not present<br/>
loginAttempt: 2<br/>
Verifying whether Element : Enter email address textbox on login page is displayed<br/>
Login failed, attempting login again<br/>
Cleared browser cookies<br/>
Login URL: https://staging.snoopstar.com<br/>
Clicking on : Language selector drop-down<br/>
Waiting for web element to load on the page : Language selector drop-down<br/>
Clicked on : Language selector drop-down<br/>
Clicking on : Language EN<br/>
Waiting for web element to load on the page : Language EN<br/>
Clicked on : Language EN<br/>
Sending Values in : Enter email address textbox<br/>
Waiting for web element to load on the page : Enter email address textbox<br/>
Cleared : Enter email address textbox<br/>
Inputted '' text into : Enter email address textbox<br/>
Sending Values in : Enter password textbox<br/>
Waiting for web element to load on the page : Enter password textbox<br/>
Cleared : Enter password textbox<br/>
Inputted '' text into : Enter password textbox<br/>
Clicking on : Login Button<br/>
Waiting for web element to load on the page : Login Button<br/>
Clicked on : Login Button<br/>
Waiting for application loader to disappear<br/>
loader is not present<br/>
loginAttempt: 3<br/>
Verifying whether Element : Enter email address textbox on login page is displayed<br/>
Login Failed after 3 attempts<br/>
Verifying whether Element : DASHBOARD modal is displayed<br/>
Error while verifying - DASHBOARD modal element displayed : Unable to locate element: //a[contains(text(),'DASHBOARD')]
For documentation on this error, please visit: https://selenium.dev/exceptions/#no_such_element
Build info: version: '4.7.2', revision: '4d4020c3b7'
System info: os.name: 'Windows 10', os.arch: 'amd64', os.version: '10.0', java.version: '17.0.7'
Driver info: org.openqa.selenium.firefox.FirefoxDriver
Command: [dceaa5e9-e1e7-4f07-bcd5-f6661d4d19fb, findElement {using=xpath, value=//a[contains(text(),'DASHBOARD')]}]
Capabilities {acceptInsecureCerts: true, browserName: firefox, browserVersion: 128.0.3, moz:accessibilityChecks: false, moz:buildID: 20240725162350, moz:debuggerAddress: 127.0.0.1:30482, moz:geckodriverVersion: 0.35.0, moz:headless: false, moz:platformVersion: 10.0, moz:processID: 25100, moz:profile: C:\Users\PRASEN~1\AppData\L..., moz:shutdownTimeout: 60000, moz:webdriverClick: true, moz:windowless: false, pageLoadStrategy: normal, platformName: WINDOWS, proxy: Proxy(), se:cdp: ws://127.0.0.1:30482/devtoo..., se:cdpVersion: 85.0, setWindowRect: true, strictFileInteractability: false, timeouts: {implicit: 0, pageLoad: 300000, script: 30000}, unhandledPromptBehavior: dismiss and notify, userAgent: Mozilla/5.0 (Windows NT 10....}
Session ID: dceaa5e9-e1e7-4f07-bcd5-f6661d4d19fb<br/>
</div>
</td>
<td><div><pre>java.lang.AssertionError: MYAR Dashboard presence expected [true] but found [false]
	at myar.testcases.MyarRegression.verifyLoginFunctionalityWithValidCredentials(MyarRegression.java:235)
	at java.base/java.util.ArrayList.forEach(ArrayList.java:1511)
... Removed 30 stack frames</pre></div><a href='#' onClick='toggleBox("stack-trace2022768790", this, "Click to show all stack frames", "Click to hide stack frames")'>Click to show all stack frames</a>
<div class='stack-trace' id='stack-trace2022768790'><pre>java.lang.AssertionError: MYAR Dashboard presence expected [true] but found [false]
	at org.testng.Assert.fail(Assert.java:110)
	at org.testng.Assert.failNotEquals(Assert.java:1413)
	at org.testng.Assert.assertTrue(Assert.java:56)
	at myar.testcases.MyarRegression.verifyLoginFunctionalityWithValidCredentials(MyarRegression.java:235)
	at java.base/jdk.internal.reflect.NativeMethodAccessorImpl.invoke0(Native Method)
	at java.base/jdk.internal.reflect.NativeMethodAccessorImpl.invoke(NativeMethodAccessorImpl.java:77)
	at java.base/jdk.internal.reflect.DelegatingMethodAccessorImpl.invoke(DelegatingMethodAccessorImpl.java:43)
	at java.base/java.lang.reflect.Method.invoke(Method.java:568)
	at org.testng.internal.invokers.MethodInvocationHelper.invokeMethod(MethodInvocationHelper.java:135)
	at org.testng.internal.invokers.TestInvoker.invokeMethod(TestInvoker.java:673)
	at org.testng.internal.invokers.TestInvoker.invokeTestMethod(TestInvoker.java:220)
	at org.testng.internal.invokers.MethodRunner.runInSequence(MethodRunner.java:50)
	at org.testng.internal.invokers.TestInvoker$MethodInvocationAgent.invoke(TestInvoker.java:945)
	at org.testng.internal.invokers.TestInvoker.invokeTestMethods(TestInvoker.java:193)
	at org.testng.internal.invokers.TestMethodWorker.invokeTestMethods(TestMethodWorker.java:146)
	at org.testng.internal.invokers.TestMethodWorker.run(TestMethodWorker.java:128)
	at java.base/java.util.ArrayList.forEach(ArrayList.java:1511)
	at org.testng.TestRunner.privateRun(TestRunner.java:808)
	at org.testng.TestRunner.run(TestRunner.java:603)
	at org.testng.SuiteRunner.runTest(SuiteRunner.java:429)
	at org.testng.SuiteRunner.runSequentially(SuiteRunner.java:423)
	at org.testng.SuiteRunner.privateRun(SuiteRunner.java:383)
	at org.testng.SuiteRunner.run(SuiteRunner.java:326)
	at org.testng.SuiteRunnerWorker.runSuite(SuiteRunnerWorker.java:52)
	at org.testng.SuiteRunnerWorker.run(SuiteRunnerWorker.java:95)
	at org.testng.TestNG.runSuitesSequentially(TestNG.java:1249)
	at org.testng.TestNG.runSuitesLocally(TestNG.java:1169)
	at org.testng.TestNG.runSuites(TestNG.java:1092)
	at org.testng.TestNG.run(TestNG.java:1060)
	at org.testng.remote.AbstractRemoteTestNG.run(AbstractRemoteTestNG.java:115)
	at org.testng.remote.RemoteTestNG.initAndRun(RemoteTestNG.java:251)
	at org.testng.remote.RemoteTestNG.main(RemoteTestNG.java:77)
</pre></div></td>
<td>56</td>
<td>myar.testcases.MyarRegression@6d23017e</td></tr>
</table><p>
</body>
</html>