<?xml version="1.0" encoding="UTF-8"?>
<!-- Generated by org.testng.reporters.JUnitReportReporter -->
<testsuite hostname="PRASENJITSWIN10" failures="1" tests="1" name="myar.testcases.MyarRegression" time="57.081" errors="0" timestamp="2024-08-08T22:59:31 IST" skipped="0">
  <testcase classname="myar.testcases.MyarRegression" name="verifyLoginFunctionalityWithValidCredentials" time="57.081">
    <failure message="MYAR Dashboard presence expected [true] but found [false]" type="java.lang.AssertionError">
      <![CDATA[java.lang.AssertionError: MYAR Dashboard presence expected [true] but found [false]
at org.testng.Assert.fail(Assert.java:110)
at org.testng.Assert.failNotEquals(Assert.java:1413)
at org.testng.Assert.assertTrue(Assert.java:56)
at myar.testcases.MyarRegression.verifyLoginFunctionalityWithValidCredentials(MyarRegression.java:235)
at java.base/jdk.internal.reflect.NativeMethodAccessorImpl.invoke0(Native Method)
at java.base/jdk.internal.reflect.NativeMethodAccessorImpl.invoke(NativeMethodAccessorImpl.java:77)
at java.base/jdk.internal.reflect.DelegatingMethodAccessorImpl.invoke(DelegatingMethodAccessorImpl.java:43)
at java.base/java.lang.reflect.Method.invoke(Method.java:568)
at org.testng.internal.invokers.MethodInvocationHelper.invokeMethod(MethodInvocationHelper.java:135)
at org.testng.internal.invokers.TestInvoker.invokeMethod(TestInvoker.java:673)
at org.testng.internal.invokers.TestInvoker.invokeTestMethod(TestInvoker.java:220)
at org.testng.internal.invokers.MethodRunner.runInSequence(MethodRunner.java:50)
at org.testng.internal.invokers.TestInvoker$MethodInvocationAgent.invoke(TestInvoker.java:945)
at org.testng.internal.invokers.TestInvoker.invokeTestMethods(TestInvoker.java:193)
at org.testng.internal.invokers.TestMethodWorker.invokeTestMethods(TestMethodWorker.java:146)
at org.testng.internal.invokers.TestMethodWorker.run(TestMethodWorker.java:128)
at java.base/java.util.ArrayList.forEach(ArrayList.java:1511)
at org.testng.TestRunner.privateRun(TestRunner.java:808)
at org.testng.TestRunner.run(TestRunner.java:603)
at org.testng.SuiteRunner.runTest(SuiteRunner.java:429)
at org.testng.SuiteRunner.runSequentially(SuiteRunner.java:423)
at org.testng.SuiteRunner.privateRun(SuiteRunner.java:383)
at org.testng.SuiteRunner.run(SuiteRunner.java:326)
at org.testng.SuiteRunnerWorker.runSuite(SuiteRunnerWorker.java:52)
at org.testng.SuiteRunnerWorker.run(SuiteRunnerWorker.java:95)
at org.testng.TestNG.runSuitesSequentially(TestNG.java:1249)
at org.testng.TestNG.runSuitesLocally(TestNG.java:1169)
at org.testng.TestNG.runSuites(TestNG.java:1092)
at org.testng.TestNG.run(TestNG.java:1060)
at org.testng.remote.AbstractRemoteTestNG.run(AbstractRemoteTestNG.java:115)
at org.testng.remote.RemoteTestNG.initAndRun(RemoteTestNG.java:251)
at org.testng.remote.RemoteTestNG.main(RemoteTestNG.java:77)
]]>
    </failure>
  </testcase> <!-- verifyLoginFunctionalityWithValidCredentials -->
  <system-out>
    <![CDATA[Cleared browser cookies
Login URL: https://staging.snoopstar.com
Clicking on : Language selector drop-down
Waiting for web element to load on the page : Language selector drop-down
Clicked on : Language selector drop-down
Clicking on : Language EN
Waiting for web element to load on the page : Language EN
Clicked on : Language EN
Sending Values in : Enter email address textbox
Waiting for web element to load on the page : Enter email address textbox
Cleared : Enter email address textbox
Inputted '' text into : Enter email address textbox
Sending Values in : Enter password textbox
Waiting for web element to load on the page : Enter password textbox
Cleared : Enter password textbox
Inputted '' text into : Enter password textbox
Clicking on : Login Button
Waiting for web element to load on the page : Login Button
Clicked on : Login Button
Waiting for application loader to disappear
loader is not present
loginAttempt: 1
Verifying whether Element : Enter email address textbox on login page is displayed
Login failed, attempting login again
Cleared browser cookies
Login URL: https://staging.snoopstar.com
Clicking on : Language selector drop-down
Waiting for web element to load on the page : Language selector drop-down
Clicked on : Language selector drop-down
Clicking on : Language EN
Waiting for web element to load on the page : Language EN
Clicked on : Language EN
Sending Values in : Enter email address textbox
Waiting for web element to load on the page : Enter email address textbox
Cleared : Enter email address textbox
Inputted '' text into : Enter email address textbox
Sending Values in : Enter password textbox
Waiting for web element to load on the page : Enter password textbox
Cleared : Enter password textbox
Inputted '' text into : Enter password textbox
Clicking on : Login Button
Waiting for web element to load on the page : Login Button
Clicked on : Login Button
Waiting for application loader to disappear
loader is not present
loginAttempt: 2
Verifying whether Element : Enter email address textbox on login page is displayed
Login failed, attempting login again
Cleared browser cookies
Login URL: https://staging.snoopstar.com
Clicking on : Language selector drop-down
Waiting for web element to load on the page : Language selector drop-down
Clicked on : Language selector drop-down
Clicking on : Language EN
Waiting for web element to load on the page : Language EN
Clicked on : Language EN
Sending Values in : Enter email address textbox
Waiting for web element to load on the page : Enter email address textbox
Cleared : Enter email address textbox
Inputted '' text into : Enter email address textbox
Sending Values in : Enter password textbox
Waiting for web element to load on the page : Enter password textbox
Cleared : Enter password textbox
Inputted '' text into : Enter password textbox
Clicking on : Login Button
Waiting for web element to load on the page : Login Button
Clicked on : Login Button
Waiting for application loader to disappear
loader is not present
loginAttempt: 3
Verifying whether Element : Enter email address textbox on login page is displayed
Login Failed after 3 attempts
Verifying whether Element : DASHBOARD modal is displayed
Error while verifying - DASHBOARD modal element displayed : Unable to locate element: //a[contains(text(),'DASHBOARD')]
For documentation on this error, please visit: https://selenium.dev/exceptions/#no_such_element
Build info: version: '4.7.2', revision: '4d4020c3b7'
System info: os.name: 'Windows 10', os.arch: 'amd64', os.version: '10.0', java.version: '17.0.7'
Driver info: org.openqa.selenium.firefox.FirefoxDriver
Command: [dceaa5e9-e1e7-4f07-bcd5-f6661d4d19fb, findElement {using=xpath, value=//a[contains(text(),'DASHBOARD')]}]
Capabilities {acceptInsecureCerts: true, browserName: firefox, browserVersion: 128.0.3, moz:accessibilityChecks: false, moz:buildID: 20240725162350, moz:debuggerAddress: 127.0.0.1:30482, moz:geckodriverVersion: 0.35.0, moz:headless: false, moz:platformVersion: 10.0, moz:processID: 25100, moz:profile: C:\Users\PRASEN~1\AppData\L..., moz:shutdownTimeout: 60000, moz:webdriverClick: true, moz:windowless: false, pageLoadStrategy: normal, platformName: WINDOWS, proxy: Proxy(), se:cdp: ws://127.0.0.1:30482/devtoo..., se:cdpVersion: 85.0, setWindowRect: true, strictFileInteractability: false, timeouts: {implicit: 0, pageLoad: 300000, script: 30000}, unhandledPromptBehavior: dismiss and notify, userAgent: Mozilla/5.0 (Windows NT 10....}
Session ID: dceaa5e9-e1e7-4f07-bcd5-f6661d4d19fb]]>
  </system-out>
</testsuite> <!-- myar.testcases.MyarRegression -->
